[INFO] Scanning for projects...
[INFO] ------------------------------------------------------------------------
[INFO] Reactor Build Order:
[INFO] 
[INFO] account-parent                                                     [pom]
[INFO] account-captcha                                                    [jar]
[INFO] account-email                                                      [jar]
[INFO] Account Persist                                                    [jar]
[INFO] account-service                                                    [jar]
[INFO] account-web                                                        [war]
[INFO] 
[INFO] --------------< com.sunyf.mvnbook.account:account-parent >--------------
[INFO] Building account-parent 1.0-SNAPSHOT                               [1/6]
[INFO] --------------------------------[ pom ]---------------------------------
[INFO] 
[INFO] --- maven-dependency-plugin:2.8:tree (default-cli) @ account-parent ---
[INFO] com.sunyf.mvnbook.account:account-parent:pom:1.0-SNAPSHOT
[INFO] 
[INFO] -------------< com.sunyf.mvnbook.account:account-captcha >--------------
[INFO] Building account-captcha 1.0-SNAPSHOT                              [2/6]
[INFO] --------------------------------[ jar ]---------------------------------
[WARNING] The POM for com.google.code.kaptcha:kaptcha:jar:2.3 is missing, no dependency information available
[INFO] 
[INFO] --- maven-dependency-plugin:2.8:tree (default-cli) @ account-captcha ---
[WARNING] Missing POM for com.google.code.kaptcha:kaptcha:jar:2.3
[INFO] com.sunyf.mvnbook.account:account-captcha:jar:1.0-SNAPSHOT
[INFO] +- com.google.code.kaptcha:kaptcha:jar:2.3:compile
[INFO] +- org.springframework:spring-core:jar:2.5.6:compile
[INFO] |  \- commons-logging:commons-logging:jar:1.1.1:compile
[INFO] +- org.springframework:spring-beans:jar:2.5.6:compile
[INFO] |  +- (commons-logging:commons-logging:jar:1.1.1:compile - omitted for duplicate)
[INFO] |  \- (org.springframework:spring-core:jar:2.5.6:compile - omitted for duplicate)
[INFO] +- org.springframework:spring-context:jar:2.5.6:compile
[INFO] |  +- aopalliance:aopalliance:jar:1.0:compile
[INFO] |  +- (commons-logging:commons-logging:jar:1.1.1:compile - omitted for duplicate)
[INFO] |  +- (org.springframework:spring-beans:jar:2.5.6:compile - omitted for duplicate)
[INFO] |  \- (org.springframework:spring-core:jar:2.5.6:compile - omitted for duplicate)
[INFO] \- junit:junit:jar:4.7:test
[INFO] 
[INFO] --------------< com.sunyf.mvnbook.account:account-email >---------------
[INFO] Building account-email 1.0-SNAPSHOT                                [3/6]
[INFO] --------------------------------[ jar ]---------------------------------
[INFO] 
[INFO] --- maven-dependency-plugin:2.8:tree (default-cli) @ account-email ---
[INFO] com.sunyf.mvnbook.account:account-email:jar:1.0-SNAPSHOT
[INFO] +- org.springframework:spring-core:jar:2.5.6:compile
[INFO] |  \- commons-logging:commons-logging:jar:1.1.1:compile
[INFO] +- org.springframework:spring-beans:jar:2.5.6:compile
[INFO] |  +- (commons-logging:commons-logging:jar:1.1.1:compile - omitted for duplicate)
[INFO] |  \- (org.springframework:spring-core:jar:2.5.6:compile - omitted for duplicate)
[INFO] +- org.springframework:spring-context:jar:2.5.6:compile
[INFO] |  +- aopalliance:aopalliance:jar:1.0:compile
[INFO] |  +- (commons-logging:commons-logging:jar:1.1.1:compile - omitted for duplicate)
[INFO] |  +- (org.springframework:spring-beans:jar:2.5.6:compile - omitted for duplicate)
[INFO] |  \- (org.springframework:spring-core:jar:2.5.6:compile - omitted for duplicate)
[INFO] +- org.springframework:spring-context-support:jar:2.5.6:compile
[INFO] |  +- (aopalliance:aopalliance:jar:1.0:compile - omitted for duplicate)
[INFO] |  +- (commons-logging:commons-logging:jar:1.1.1:compile - omitted for duplicate)
[INFO] |  +- (org.springframework:spring-beans:jar:2.5.6:compile - omitted for duplicate)
[INFO] |  +- (org.springframework:spring-context:jar:2.5.6:compile - omitted for duplicate)
[INFO] |  \- (org.springframework:spring-core:jar:2.5.6:compile - omitted for duplicate)
[INFO] +- junit:junit:jar:4.7:test
[INFO] +- javax.mail:mail:jar:1.4.1:compile
[INFO] |  \- javax.activation:activation:jar:1.1:compile
[INFO] \- com.icegreen:greenmail:jar:1.3.1b:test
[INFO]    \- org.slf4j:slf4j-api:jar:1.3.1:test
[INFO] 
[INFO] -------------< com.sunyf.mvnbook.account:account-persist >--------------
[INFO] Building Account Persist 1.0-SNAPSHOT                              [4/6]
[INFO] --------------------------------[ jar ]---------------------------------
[INFO] 
[INFO] --- maven-dependency-plugin:2.8:tree (default-cli) @ account-persist ---
[INFO] com.sunyf.mvnbook.account:account-persist:jar:1.0-SNAPSHOT
[INFO] +- dom4j:dom4j:jar:1.6.1:compile
[INFO] |  \- xml-apis:xml-apis:jar:1.0.b2:compile
[INFO] +- org.springframework:spring-core:jar:2.5.6:compile
[INFO] |  \- commons-logging:commons-logging:jar:1.1.1:compile
[INFO] +- org.springframework:spring-beans:jar:2.5.6:compile
[INFO] |  +- (commons-logging:commons-logging:jar:1.1.1:compile - omitted for duplicate)
[INFO] |  \- (org.springframework:spring-core:jar:2.5.6:compile - omitted for duplicate)
[INFO] +- org.springframework:spring-context:jar:2.5.6:compile
[INFO] |  +- aopalliance:aopalliance:jar:1.0:compile
[INFO] |  +- (commons-logging:commons-logging:jar:1.1.1:compile - omitted for duplicate)
[INFO] |  +- (org.springframework:spring-beans:jar:2.5.6:compile - omitted for duplicate)
[INFO] |  \- (org.springframework:spring-core:jar:2.5.6:compile - omitted for duplicate)
[INFO] \- junit:junit:jar:4.7:test
[INFO] 
[INFO] -------------< com.sunyf.mvnbook.account:account-service >--------------
[INFO] Building account-service 1.0-SNAPSHOT                              [5/6]
[INFO] --------------------------------[ jar ]---------------------------------
[INFO] 
[INFO] --- maven-dependency-plugin:2.8:tree (default-cli) @ account-service ---
[INFO] com.sunyf.mvnbook.account:account-service:jar:1.0-SNAPSHOT
[INFO] +- com.sunyf.mvnbook.account:account-email:jar:1.0-SNAPSHOT:compile
[INFO] |  +- org.springframework:spring-core:jar:2.5.6:compile
[INFO] |  |  \- commons-logging:commons-logging:jar:1.1.1:compile
[INFO] |  +- org.springframework:spring-beans:jar:2.5.6:compile
[INFO] |  |  +- (commons-logging:commons-logging:jar:1.1.1:compile - omitted for duplicate)
[INFO] |  |  \- (org.springframework:spring-core:jar:2.5.6:compile - omitted for duplicate)
[INFO] |  +- org.springframework:spring-context:jar:2.5.6:compile
[INFO] |  |  +- aopalliance:aopalliance:jar:1.0:compile
[INFO] |  |  +- (commons-logging:commons-logging:jar:1.1.1:compile - omitted for duplicate)
[INFO] |  |  +- (org.springframework:spring-beans:jar:2.5.6:compile - omitted for duplicate)
[INFO] |  |  \- (org.springframework:spring-core:jar:2.5.6:compile - omitted for duplicate)
[INFO] |  +- org.springframework:spring-context-support:jar:2.5.6:compile
[INFO] |  |  +- (aopalliance:aopalliance:jar:1.0:compile - omitted for duplicate)
[INFO] |  |  +- (commons-logging:commons-logging:jar:1.1.1:compile - omitted for duplicate)
[INFO] |  |  +- (org.springframework:spring-beans:jar:2.5.6:compile - omitted for duplicate)
[INFO] |  |  +- (org.springframework:spring-context:jar:2.5.6:compile - omitted for duplicate)
[INFO] |  |  \- (org.springframework:spring-core:jar:2.5.6:compile - omitted for duplicate)
[INFO] |  \- javax.mail:mail:jar:1.4.1:compile
[INFO] |     \- javax.activation:activation:jar:1.1:compile
[INFO] +- com.sunyf.mvnbook.account:account-persist:jar:1.0-SNAPSHOT:compile
[INFO] |  +- dom4j:dom4j:jar:1.6.1:compile
[INFO] |  |  \- xml-apis:xml-apis:jar:1.0.b2:compile
[INFO] |  +- (org.springframework:spring-core:jar:2.5.6:compile - omitted for duplicate)
[INFO] |  +- (org.springframework:spring-beans:jar:2.5.6:compile - omitted for duplicate)
[INFO] |  \- (org.springframework:spring-context:jar:2.5.6:compile - omitted for duplicate)
[INFO] +- com.sunyf.mvnbook.account:account-captcha:jar:1.0-SNAPSHOT:compile
[INFO] |  +- com.google.code.kaptcha:kaptcha:jar:2.3:compile
[INFO] |  +- (org.springframework:spring-core:jar:2.5.6:compile - omitted for duplicate)
[INFO] |  +- (org.springframework:spring-beans:jar:2.5.6:compile - omitted for duplicate)
[INFO] |  \- (org.springframework:spring-context:jar:2.5.6:compile - omitted for duplicate)
[INFO] +- junit:junit:jar:4.7:test
[INFO] \- com.icegreen:greenmail:jar:1.3.1b:test
[INFO]    +- (javax.mail:mail:jar:1.4:test - omitted for conflict with 1.4.1)
[INFO]    \- org.slf4j:slf4j-api:jar:1.3.1:test
[INFO] 
[INFO] ---------------< com.sunyf.mvnbook.account:account-web >----------------
[INFO] Building account-web 1.0-SNAPSHOT                                  [6/6]
[INFO] --------------------------------[ war ]---------------------------------
[INFO] 
[INFO] --- maven-dependency-plugin:2.8:tree (default-cli) @ account-web ---
[INFO] com.sunyf.mvnbook.account:account-web:war:1.0-SNAPSHOT
[INFO] +- com.sunyf.mvnbook.account:account-service:jar:1.0-SNAPSHOT:compile
[INFO] |  +- com.sunyf.mvnbook.account:account-email:jar:1.0-SNAPSHOT:compile
[INFO] |  |  +- (org.springframework:spring-core:jar:2.5.6:compile - omitted for duplicate)
[INFO] |  |  +- (org.springframework:spring-beans:jar:2.5.6:compile - omitted for duplicate)
[INFO] |  |  +- (org.springframework:spring-context:jar:2.5.6:compile - omitted for duplicate)
[INFO] |  |  +- org.springframework:spring-context-support:jar:2.5.6:compile
[INFO] |  |  |  +- (aopalliance:aopalliance:jar:1.0:compile - omitted for duplicate)
[INFO] |  |  |  +- (commons-logging:commons-logging:jar:1.1.1:compile - omitted for duplicate)
[INFO] |  |  |  +- (org.springframework:spring-beans:jar:2.5.6:compile - omitted for duplicate)
[INFO] |  |  |  +- (org.springframework:spring-context:jar:2.5.6:compile - omitted for duplicate)
[INFO] |  |  |  \- (org.springframework:spring-core:jar:2.5.6:compile - omitted for duplicate)
[INFO] |  |  \- javax.mail:mail:jar:1.4.1:compile
[INFO] |  |     \- javax.activation:activation:jar:1.1:compile
[INFO] |  +- com.sunyf.mvnbook.account:account-persist:jar:1.0-SNAPSHOT:compile
[INFO] |  |  +- dom4j:dom4j:jar:1.6.1:compile
[INFO] |  |  |  \- xml-apis:xml-apis:jar:1.0.b2:compile
[INFO] |  |  +- (org.springframework:spring-core:jar:2.5.6:compile - omitted for duplicate)
[INFO] |  |  +- (org.springframework:spring-beans:jar:2.5.6:compile - omitted for duplicate)
[INFO] |  |  \- (org.springframework:spring-context:jar:2.5.6:compile - omitted for duplicate)
[INFO] |  \- com.sunyf.mvnbook.account:account-captcha:jar:1.0-SNAPSHOT:compile
[INFO] |     +- com.google.code.kaptcha:kaptcha:jar:2.3:compile
[INFO] |     +- (org.springframework:spring-core:jar:2.5.6:compile - omitted for duplicate)
[INFO] |     +- (org.springframework:spring-beans:jar:2.5.6:compile - omitted for duplicate)
[INFO] |     \- (org.springframework:spring-context:jar:2.5.6:compile - omitted for duplicate)
[INFO] +- javax.servlet:servlet-api:jar:2.4:provided
[INFO] +- javax.servlet.jsp:jsp-api:jar:2.0:provided
[INFO] \- org.springframework:spring-web:jar:2.5.6:compile
[INFO]    +- commons-logging:commons-logging:jar:1.1.1:compile
[INFO]    +- org.springframework:spring-beans:jar:2.5.6:compile
[INFO]    |  +- (commons-logging:commons-logging:jar:1.1.1:compile - omitted for duplicate)
[INFO]    |  \- (org.springframework:spring-core:jar:2.5.6:compile - omitted for duplicate)
[INFO]    +- org.springframework:spring-context:jar:2.5.6:compile
[INFO]    |  +- aopalliance:aopalliance:jar:1.0:compile
[INFO]    |  +- (commons-logging:commons-logging:jar:1.1.1:compile - omitted for duplicate)
[INFO]    |  +- (org.springframework:spring-beans:jar:2.5.6:compile - omitted for duplicate)
[INFO]    |  \- (org.springframework:spring-core:jar:2.5.6:compile - omitted for duplicate)
[INFO]    \- org.springframework:spring-core:jar:2.5.6:compile
[INFO]       \- (commons-logging:commons-logging:jar:1.1.1:compile - omitted for duplicate)
[INFO] ------------------------------------------------------------------------
[INFO] Reactor Summary:
[INFO] 
[INFO] account-parent 1.0-SNAPSHOT ........................ SUCCESS [  4.789 s]
[INFO] account-captcha .................................... SUCCESS [  0.631 s]
[INFO] account-email ...................................... SUCCESS [  0.291 s]
[INFO] Account Persist .................................... SUCCESS [  0.152 s]
[INFO] account-service .................................... SUCCESS [  0.391 s]
[INFO] account-web 1.0-SNAPSHOT ........................... SUCCESS [  0.902 s]
[INFO] ------------------------------------------------------------------------
[INFO] BUILD SUCCESS
[INFO] ------------------------------------------------------------------------
[INFO] Total time: 8.756 s
[INFO] Finished at: 2018-04-06T14:04:31+08:00
[INFO] ------------------------------------------------------------------------
